<?xml version="1.0" encoding="utf-8"?><testsuites name="pytest tests"><testsuite name="pytest" errors="0" failures="0" skipped="0" tests="53" time="14.170" timestamp="2026-05-15T04:46:01.471818+00:00" hostname="agent-env-0dbd404e-9008-4efb-96ad-56238cb72a01"><testcase classname="backend.tests.test_day15_refactor_battle_cta_webhook.TestSubscriptionRoutes" name="test_subscription_checkout_requires_auth" time="0.135" /><testcase classname="backend.tests.test_day15_refactor_battle_cta_webhook.TestSubscriptionRoutes" name="test_subscription_checkout_returns_stripe_url" time="1.217" /><testcase classname="backend.tests.test_day15_refactor_battle_cta_webhook.TestSubscriptionRoutes" name="test_subscription_status_requires_auth" time="0.120" /><testcase classname="backend.tests.test_day15_refactor_battle_cta_webhook.TestSubscriptionRoutes" name="test_subscription_status_returns_tier_info" time="0.393" /><testcase classname="backend.tests.test_day15_refactor_battle_cta_webhook.TestSubscriptionRoutes" name="test_subscription_cancel_requires_auth" time="0.102" /><testcase classname="backend.tests.test_day15_refactor_battle_cta_webhook.TestSubscriptionRoutes" name="test_subscription_admin_info_requires_admin" time="0.924" /><testcase classname="backend.tests.test_day15_refactor_battle_cta_webhook.TestSubscriptionRoutes" name="test_subscription_webhook_mode_requires_admin" time="0.487" /><testcase classname="backend.tests.test_day15_refactor_battle_cta_webhook.TestSocialRoutes" name="test_binders_public_list" time="0.117" /><testcase classname="backend.tests.test_day15_refactor_battle_cta_webhook.TestSocialRoutes" name="test_binders_public_single_user" time="0.105" /><testcase classname="backend.tests.test_day15_refactor_battle_cta_webhook.TestSocialRoutes" name="test_binders_public_nonexistent_user_404" time="0.100" /><testcase classname="backend.tests.test_day15_refactor_battle_cta_webhook.TestSocialRoutes" name="test_visibility_toggle_requires_auth" time="0.115" /><testcase classname="backend.tests.test_day15_refactor_battle_cta_webhook.TestSocialRoutes" name="test_thumbs_vote_requires_auth" time="0.151" /><testcase classname="backend.tests.test_day15_refactor_battle_cta_webhook.TestSocialRoutes" name="test_thumbs_get_public" time="0.116" /><testcase classname="backend.tests.test_day15_refactor_battle_cta_webhook.TestBattleCTAEndpoint" name="test_battle_cta_returns_champion_info" time="0.121" /><testcase classname="backend.tests.test_day15_refactor_battle_cta_webhook.TestBattleCTAEndpoint" name="test_battle_cta_nonexistent_user_404" time="0.112" /><testcase classname="backend.tests.test_day15_refactor_battle_cta_webhook.TestBattleCTAEndpoint" name="test_battle_cta_top3_is_champion" time="0.208" /><testcase classname="backend.tests.test_day15_refactor_battle_cta_webhook.TestStripeWebhookHardening" name="test_webhook_bad_json_returns_400" time="0.118" /><testcase classname="backend.tests.test_day15_refactor_battle_cta_webhook.TestStripeWebhookHardening" name="test_webhook_empty_body_returns_400" time="0.104" /><testcase classname="backend.tests.test_day15_refactor_battle_cta_webhook.TestStripeWebhookHardening" name="test_webhook_lenient_mode_accepts_valid_json" time="0.104" /><testcase classname="backend.tests.test_day15_refactor_battle_cta_webhook.TestExistingEndpointsPostRefactor" name="test_auth_login_works" time="0.335" /><testcase classname="backend.tests.test_day15_refactor_battle_cta_webhook.TestExistingEndpointsPostRefactor" name="test_auth_me_works" time="0.396" /><testcase classname="backend.tests.test_day15_refactor_battle_cta_webhook.TestExistingEndpointsPostRefactor" name="test_predictor_rip_works" time="0.110" /><testcase classname="backend.tests.test_day15_refactor_battle_cta_webhook.TestExistingEndpointsPostRefactor" name="test_leaderboard_dub_streak_works" time="0.102" /><testcase classname="backend.tests.test_day13_leaderboard_stripe_refactor.TestLeaderboardEndpoint" name="test_leaderboard_week_period" time="0.122" /><testcase classname="backend.tests.test_day13_leaderboard_stripe_refactor.TestLeaderboardEndpoint" name="test_leaderboard_all_period" time="0.103" /><testcase classname="backend.tests.test_day13_leaderboard_stripe_refactor.TestLeaderboardEndpoint" name="test_leaderboard_invalid_period" time="0.100" /><testcase classname="backend.tests.test_day13_leaderboard_stripe_refactor.TestLeaderboardEndpoint" name="test_leaderboard_limit_parameter" time="0.123" /><testcase classname="backend.tests.test_day13_leaderboard_stripe_refactor.TestLeaderboardEndpoint" name="test_leaderboard_anonymous_access" time="0.107" /><testcase classname="backend.tests.test_day13_leaderboard_stripe_refactor.TestLeaderboardEndpoint" name="test_leaderboard_privacy_no_source_pack_info" time="0.105" /><testcase classname="backend.tests.test_day13_leaderboard_stripe_refactor.TestStripeCheckout" name="test_stripe_checkout_returns_real_session" time="1.012" /><testcase classname="backend.tests.test_day13_leaderboard_stripe_refactor.TestStripeCheckout" name="test_stripe_checkout_requires_auth" time="0.136" /><testcase classname="backend.tests.test_day13_leaderboard_stripe_refactor.TestPaywallMessage" name="test_paywall_message_exact_match" time="1.125" /><testcase classname="backend.tests.test_day13_leaderboard_stripe_refactor.TestRefactorSanity" name="test_health_endpoint" time="0.103" /><testcase classname="backend.tests.test_day13_leaderboard_stripe_refactor.TestRefactorSanity" name="test_hot_packs_endpoint" time="0.130" /><testcase classname="backend.tests.test_day13_leaderboard_stripe_refactor.TestRefactorSanity" name="test_analyzer_packs_endpoint" time="0.128" /><testcase classname="backend.tests.test_day13_leaderboard_stripe_refactor.TestRefactorSanity" name="test_binders_public_endpoint" time="0.102" /><testcase classname="backend.tests.test_day13_leaderboard_stripe_refactor.TestRefactorSanity" name="test_analyzer_single_pack" time="0.647" /><testcase classname="backend.tests.test_day13_leaderboard_stripe_refactor.TestRefactorSanity" name="test_case_packs_visibility_endpoint" time="0.382" /><testcase classname="backend.tests.test_day13_leaderboard_stripe_refactor.TestLeaderboardFlameLogic" name="test_flame_icon_logic" time="0.150" /><testcase classname="backend.tests.test_day14_predictor_rip_dub_streak.TestPredictorRipEndpoint" name="test_rip_anonymous_returns_8_cards" time="0.103" /><testcase classname="backend.tests.test_day14_predictor_rip_dub_streak.TestPredictorRipEndpoint" name="test_rip_hit_at_climax_slot" time="0.104" /><testcase classname="backend.tests.test_day14_predictor_rip_dub_streak.TestPredictorRipEndpoint" name="test_rip_mystery_placeholders" time="0.129" /><testcase classname="backend.tests.test_day14_predictor_rip_dub_streak.TestPredictorRipEndpoint" name="test_rip_invalid_pack_id_returns_404" time="0.107" /><testcase classname="backend.tests.test_day14_predictor_rip_dub_streak.TestPredictorRateLimit" name="test_rate_limit_exact_paywall_copy" time="0.516" /><testcase classname="backend.tests.test_day14_predictor_rip_dub_streak.TestAwardWeeklyEndpoint" name="test_award_weekly_anonymous_returns_401" time="0.105" /><testcase classname="backend.tests.test_day14_predictor_rip_dub_streak.TestAwardWeeklyEndpoint" name="test_award_weekly_non_admin_returns_403" time="0.464" /><testcase classname="backend.tests.test_day14_predictor_rip_dub_streak.TestAwardWeeklyEndpoint" name="test_award_weekly_admin_success" time="0.430" /><testcase classname="backend.tests.test_day14_predictor_rip_dub_streak.TestAwardWeeklyEndpoint" name="test_award_weekly_idempotent" time="0.567" /><testcase classname="backend.tests.test_day14_predictor_rip_dub_streak.TestRecentAwardsEndpoint" name="test_recent_awards_public_access" time="0.102" /><testcase classname="backend.tests.test_day14_predictor_rip_dub_streak.TestRecentAwardsEndpoint" name="test_recent_awards_limit_parameter" time="0.107" /><testcase classname="backend.tests.test_day14_predictor_rip_dub_streak.TestProUntilHonor" name="test_pro_until_in_future_returns_pro" time="0.437" /><testcase classname="backend.tests.test_day14_predictor_rip_dub_streak.TestProUntilHonor" name="test_pro_until_in_past_returns_free" time="0.443" /><testcase classname="backend.tests.test_day14_predictor_rip_dub_streak.TestLegacySimulateEndpoint" name="test_simulate_still_works" time="0.106" /></testsuite></testsuites>