<?xml version="1.0" encoding="utf-8"?><testsuites name="pytest tests"><testsuite name="pytest" errors="0" failures="0" skipped="0" tests="14" time="3.829" timestamp="2026-05-14T05:53:04.710184+00:00" hostname="agent-env-0dbd404e-9008-4efb-96ad-56238cb72a01"><testcase classname="backend.tests.test_day14_predictor_rip_dub_streak.TestPredictorRipEndpoint" name="test_rip_anonymous_returns_8_cards" time="0.129" /><testcase classname="backend.tests.test_day14_predictor_rip_dub_streak.TestPredictorRipEndpoint" name="test_rip_hit_at_climax_slot" time="0.120" /><testcase classname="backend.tests.test_day14_predictor_rip_dub_streak.TestPredictorRipEndpoint" name="test_rip_mystery_placeholders" time="0.096" /><testcase classname="backend.tests.test_day14_predictor_rip_dub_streak.TestPredictorRipEndpoint" name="test_rip_invalid_pack_id_returns_404" time="0.108" /><testcase classname="backend.tests.test_day14_predictor_rip_dub_streak.TestPredictorRateLimit" name="test_rate_limit_exact_paywall_copy" time="0.512" /><testcase classname="backend.tests.test_day14_predictor_rip_dub_streak.TestAwardWeeklyEndpoint" name="test_award_weekly_anonymous_returns_401" time="0.102" /><testcase classname="backend.tests.test_day14_predictor_rip_dub_streak.TestAwardWeeklyEndpoint" name="test_award_weekly_non_admin_returns_403" time="0.440" /><testcase classname="backend.tests.test_day14_predictor_rip_dub_streak.TestAwardWeeklyEndpoint" name="test_award_weekly_admin_success" time="0.467" /><testcase classname="backend.tests.test_day14_predictor_rip_dub_streak.TestAwardWeeklyEndpoint" name="test_award_weekly_idempotent" time="0.572" /><testcase classname="backend.tests.test_day14_predictor_rip_dub_streak.TestRecentAwardsEndpoint" name="test_recent_awards_public_access" time="0.108" /><testcase classname="backend.tests.test_day14_predictor_rip_dub_streak.TestRecentAwardsEndpoint" name="test_recent_awards_limit_parameter" time="0.115" /><testcase classname="backend.tests.test_day14_predictor_rip_dub_streak.TestProUntilHonor" name="test_pro_until_in_future_returns_pro" time="0.455" /><testcase classname="backend.tests.test_day14_predictor_rip_dub_streak.TestProUntilHonor" name="test_pro_until_in_past_returns_free" time="0.442" /><testcase classname="backend.tests.test_day14_predictor_rip_dub_streak.TestLegacySimulateEndpoint" name="test_simulate_still_works" time="0.113" /></testsuite></testsuites>