<?xml version="1.0" encoding="utf-8"?><testsuites name="pytest tests"><testsuite name="pytest" errors="0" failures="0" skipped="0" tests="18" time="9.878" timestamp="2026-05-11T22:25:45.810372+00:00" hostname="agent-env-0dbd404e-9008-4efb-96ad-56238cb72a01"><testcase classname="backend.tests.test_intelligence_loop_social_binder.TestHealthAndBasics" name="test_health_endpoint" time="0.129" /><testcase classname="backend.tests.test_intelligence_loop_social_binder.TestHealthAndBasics" name="test_root_endpoint" time="0.109" /><testcase classname="backend.tests.test_intelligence_loop_social_binder.TestIntelligenceLoop" name="test_analyzer_packs_list" time="0.126" /><testcase classname="backend.tests.test_intelligence_loop_social_binder.TestIntelligenceLoop" name="test_analyzer_verdict_has_intelligence_block" time="1.171" /><testcase classname="backend.tests.test_intelligence_loop_social_binder.TestIntelligenceLoop" name="test_analyzer_tier1_default_values" time="1.143" /><testcase classname="backend.tests.test_intelligence_loop_social_binder.TestAuthAndLogin" name="test_login_admin" time="0.354" /><testcase classname="backend.tests.test_intelligence_loop_social_binder.TestAuthAndLogin" name="test_register_new_user_gets_trial" time="0.383" /><testcase classname="backend.tests.test_intelligence_loop_social_binder.TestDisplayCaseAndPulls" name="test_create_pack_and_log_pull" time="0.541" /><testcase classname="backend.tests.test_intelligence_loop_social_binder.TestVisibilityToggle" name="test_owner_can_toggle_visibility" time="0.566" /><testcase classname="backend.tests.test_intelligence_loop_social_binder.TestVisibilityToggle" name="test_non_owner_gets_403" time="0.972" /><testcase classname="backend.tests.test_intelligence_loop_social_binder.TestPublicBinders" name="test_public_binders_list" time="0.148" /><testcase classname="backend.tests.test_intelligence_loop_social_binder.TestPublicBinders" name="test_public_binders_empty_when_none_public" time="0.113" /><testcase classname="backend.tests.test_intelligence_loop_social_binder.TestPublicBinders" name="test_public_binder_strips_source_pack" time="0.668" /><testcase classname="backend.tests.test_intelligence_loop_social_binder.TestThumbsVoting" name="test_self_voting_blocked" time="0.624" /><testcase classname="backend.tests.test_intelligence_loop_social_binder.TestThumbsVoting" name="test_voting_on_private_binder_blocked" time="0.946" /><testcase classname="backend.tests.test_intelligence_loop_social_binder.TestThumbsVoting" name="test_vote_toggle_and_switch" time="1.122" /><testcase classname="backend.tests.test_intelligence_loop_social_binder.TestThumbsVoting" name="test_get_thumbs_count" time="0.580" /><testcase classname="backend.tests.test_intelligence_loop_social_binder.TestSportFilter" name="test_public_binders_sport_filter" time="0.122" /></testsuite></testsuites>