<?xml version="1.0" encoding="utf-8"?><testsuites name="pytest tests"><testsuite name="pytest" errors="0" failures="0" skipped="0" tests="73" time="26.542" timestamp="2026-05-18T01:24:43.202137+00:00" hostname="agent-env-0dbd404e-9008-4efb-96ad-56238cb72a01"><testcase classname="tests.test_day16_dethrone_push.TestVapidPublicKey" name="test_vapid_public_key_returns_valid_key" time="0.162" /><testcase classname="tests.test_day16_dethrone_push.TestPushSubscribe" name="test_subscribe_requires_auth" time="0.115" /><testcase classname="tests.test_day16_dethrone_push.TestPushSubscribe" name="test_subscribe_with_auth" time="0.426" /><testcase classname="tests.test_day16_dethrone_push.TestPushSubscribe" name="test_subscribe_idempotent" time="0.520" /><testcase classname="tests.test_day16_dethrone_push.TestPushUnsubscribe" name="test_unsubscribe_requires_auth" time="0.111" /><testcase classname="tests.test_day16_dethrone_push.TestPushUnsubscribe" name="test_unsubscribe_with_auth" time="0.495" /><testcase classname="tests.test_day16_dethrone_push.TestNotifications" name="test_notifications_requires_auth" time="0.117" /><testcase classname="tests.test_day16_dethrone_push.TestNotifications" name="test_notifications_returns_list" time="0.466" /><testcase classname="tests.test_day16_dethrone_push.TestNotifications" name="test_notifications_only_unread_filter" time="0.485" /><testcase classname="tests.test_day16_dethrone_push.TestNotificationRead" name="test_mark_read_requires_auth" time="0.107" /><testcase classname="tests.test_day16_dethrone_push.TestNotificationRead" name="test_mark_read_nonexistent_404" time="0.427" /><testcase classname="tests.test_day16_dethrone_push.TestNotificationReadAll" name="test_read_all_requires_auth" time="0.107" /><testcase classname="tests.test_day16_dethrone_push.TestNotificationReadAll" name="test_read_all_with_auth" time="0.463" /><testcase classname="tests.test_day16_dethrone_push.TestDethroneEndToEnd" name="test_dethrone_flow" time="0.521" /><testcase classname="tests.test_day16_dethrone_push.TestRegressionExistingEndpoints" name="test_battle_cta_still_works" time="0.495" /><testcase classname="tests.test_day16_dethrone_push.TestRegressionExistingEndpoints" name="test_public_binder_privacy_enforced" time="0.457" /><testcase classname="tests.test_day16_dethrone_push.TestRegressionExistingEndpoints" name="test_thumbs_upvote_still_works" time="0.442" /><testcase classname="tests.test_day16_dethrone_push.TestRegressionExistingEndpoints" name="test_subscription_status_still_works" time="1.880" /><testcase classname="tests.test_day16_dethrone_push.TestServiceWorkerPushHandlers" name="test_sw_has_push_handler" time="0.119" /><testcase classname="tests.test_day16_dethrone_push.TestServiceWorkerPushHandlers" name="test_sw_has_notificationclick_handler" time="0.105" /><testcase classname="tests.test_day15_refactor_battle_cta_webhook.TestSubscriptionRoutes" name="test_subscription_checkout_requires_auth" time="0.106" /><testcase classname="tests.test_day15_refactor_battle_cta_webhook.TestSubscriptionRoutes" name="test_subscription_checkout_returns_stripe_url" time="1.055" /><testcase classname="tests.test_day15_refactor_battle_cta_webhook.TestSubscriptionRoutes" name="test_subscription_status_requires_auth" time="0.126" /><testcase classname="tests.test_day15_refactor_battle_cta_webhook.TestSubscriptionRoutes" name="test_subscription_status_returns_tier_info" time="0.380" /><testcase classname="tests.test_day15_refactor_battle_cta_webhook.TestSubscriptionRoutes" name="test_subscription_cancel_requires_auth" time="0.105" /><testcase classname="tests.test_day15_refactor_battle_cta_webhook.TestSubscriptionRoutes" name="test_subscription_admin_info_requires_admin" time="0.948" /><testcase classname="tests.test_day15_refactor_battle_cta_webhook.TestSubscriptionRoutes" name="test_subscription_webhook_mode_requires_admin" time="1.795" /><testcase classname="tests.test_day15_refactor_battle_cta_webhook.TestSocialRoutes" name="test_binders_public_list" time="0.114" /><testcase classname="tests.test_day15_refactor_battle_cta_webhook.TestSocialRoutes" name="test_binders_public_single_user" time="0.109" /><testcase classname="tests.test_day15_refactor_battle_cta_webhook.TestSocialRoutes" name="test_binders_public_nonexistent_user_404" time="0.111" /><testcase classname="tests.test_day15_refactor_battle_cta_webhook.TestSocialRoutes" name="test_visibility_toggle_requires_auth" time="0.158" /><testcase classname="tests.test_day15_refactor_battle_cta_webhook.TestSocialRoutes" name="test_thumbs_vote_requires_auth" time="0.112" /><testcase classname="tests.test_day15_refactor_battle_cta_webhook.TestSocialRoutes" name="test_thumbs_get_public" time="0.119" /><testcase classname="tests.test_day15_refactor_battle_cta_webhook.TestBattleCTAEndpoint" name="test_battle_cta_returns_champion_info" time="0.132" /><testcase classname="tests.test_day15_refactor_battle_cta_webhook.TestBattleCTAEndpoint" name="test_battle_cta_nonexistent_user_404" time="0.109" /><testcase classname="tests.test_day15_refactor_battle_cta_webhook.TestBattleCTAEndpoint" name="test_battle_cta_top3_is_champion" time="0.304" /><testcase classname="tests.test_day15_refactor_battle_cta_webhook.TestStripeWebhookHardening" name="test_webhook_bad_json_returns_400" time="0.098" /><testcase classname="tests.test_day15_refactor_battle_cta_webhook.TestStripeWebhookHardening" name="test_webhook_empty_body_returns_400" time="0.109" /><testcase classname="tests.test_day15_refactor_battle_cta_webhook.TestStripeWebhookHardening" name="test_webhook_lenient_mode_accepts_valid_json" time="0.107" /><testcase classname="tests.test_day15_refactor_battle_cta_webhook.TestExistingEndpointsPostRefactor" name="test_auth_login_works" time="0.325" /><testcase classname="tests.test_day15_refactor_battle_cta_webhook.TestExistingEndpointsPostRefactor" name="test_auth_me_works" time="0.384" /><testcase classname="tests.test_day15_refactor_battle_cta_webhook.TestExistingEndpointsPostRefactor" name="test_predictor_rip_works" time="0.115" /><testcase classname="tests.test_day15_refactor_battle_cta_webhook.TestExistingEndpointsPostRefactor" name="test_leaderboard_dub_streak_works" time="0.119" /><testcase classname="tests.test_day14_predictor_rip_dub_streak.TestPredictorRipEndpoint" name="test_rip_anonymous_returns_8_cards" time="0.107" /><testcase classname="tests.test_day14_predictor_rip_dub_streak.TestPredictorRipEndpoint" name="test_rip_hit_at_climax_slot" time="0.101" /><testcase classname="tests.test_day14_predictor_rip_dub_streak.TestPredictorRipEndpoint" name="test_rip_mystery_placeholders" time="0.117" /><testcase classname="tests.test_day14_predictor_rip_dub_streak.TestPredictorRipEndpoint" name="test_rip_invalid_pack_id_returns_404" time="0.114" /><testcase classname="tests.test_day14_predictor_rip_dub_streak.TestPredictorRateLimit" name="test_rate_limit_exact_paywall_copy" time="0.550" /><testcase classname="tests.test_day14_predictor_rip_dub_streak.TestAwardWeeklyEndpoint" name="test_award_weekly_anonymous_returns_401" time="0.104" /><testcase classname="tests.test_day14_predictor_rip_dub_streak.TestAwardWeeklyEndpoint" name="test_award_weekly_non_admin_returns_403" time="2.572" /><testcase classname="tests.test_day14_predictor_rip_dub_streak.TestAwardWeeklyEndpoint" name="test_award_weekly_admin_success" time="0.468" /><testcase classname="tests.test_day14_predictor_rip_dub_streak.TestAwardWeeklyEndpoint" name="test_award_weekly_idempotent" time="0.548" /><testcase classname="tests.test_day14_predictor_rip_dub_streak.TestRecentAwardsEndpoint" name="test_recent_awards_public_access" time="0.107" /><testcase classname="tests.test_day14_predictor_rip_dub_streak.TestRecentAwardsEndpoint" name="test_recent_awards_limit_parameter" time="0.138" /><testcase classname="tests.test_day14_predictor_rip_dub_streak.TestProUntilHonor" name="test_pro_until_in_future_returns_pro" time="0.478" /><testcase classname="tests.test_day14_predictor_rip_dub_streak.TestProUntilHonor" name="test_pro_until_in_past_returns_free" time="0.522" /><testcase classname="tests.test_day14_predictor_rip_dub_streak.TestLegacySimulateEndpoint" name="test_simulate_still_works" time="0.107" /><testcase classname="tests.test_day13_leaderboard_stripe_refactor.TestLeaderboardEndpoint" name="test_leaderboard_week_period" time="0.103" /><testcase classname="tests.test_day13_leaderboard_stripe_refactor.TestLeaderboardEndpoint" name="test_leaderboard_all_period" time="0.130" /><testcase classname="tests.test_day13_leaderboard_stripe_refactor.TestLeaderboardEndpoint" name="test_leaderboard_invalid_period" time="0.119" /><testcase classname="tests.test_day13_leaderboard_stripe_refactor.TestLeaderboardEndpoint" name="test_leaderboard_limit_parameter" time="0.106" /><testcase classname="tests.test_day13_leaderboard_stripe_refactor.TestLeaderboardEndpoint" name="test_leaderboard_anonymous_access" time="0.103" /><testcase classname="tests.test_day13_leaderboard_stripe_refactor.TestLeaderboardEndpoint" name="test_leaderboard_privacy_no_source_pack_info" time="0.107" /><testcase classname="tests.test_day13_leaderboard_stripe_refactor.TestStripeCheckout" name="test_stripe_checkout_returns_real_session" time="1.119" /><testcase classname="tests.test_day13_leaderboard_stripe_refactor.TestStripeCheckout" name="test_stripe_checkout_requires_auth" time="0.109" /><testcase classname="tests.test_day13_leaderboard_stripe_refactor.TestPaywallMessage" name="test_paywall_message_exact_match" time="1.450" /><testcase classname="tests.test_day13_leaderboard_stripe_refactor.TestRefactorSanity" name="test_health_endpoint" time="0.130" /><testcase classname="tests.test_day13_leaderboard_stripe_refactor.TestRefactorSanity" name="test_hot_packs_endpoint" time="0.106" /><testcase classname="tests.test_day13_leaderboard_stripe_refactor.TestRefactorSanity" name="test_analyzer_packs_endpoint" time="0.109" /><testcase classname="tests.test_day13_leaderboard_stripe_refactor.TestRefactorSanity" name="test_binders_public_endpoint" time="0.112" /><testcase classname="tests.test_day13_leaderboard_stripe_refactor.TestRefactorSanity" name="test_analyzer_single_pack" time="1.021" /><testcase classname="tests.test_day13_leaderboard_stripe_refactor.TestRefactorSanity" name="test_case_packs_visibility_endpoint" time="0.415" /><testcase classname="tests.test_day13_leaderboard_stripe_refactor.TestLeaderboardFlameLogic" name="test_flame_icon_logic" time="0.114" /></testsuite></testsuites>