<?xml version="1.0" encoding="utf-8"?><testsuites name="pytest tests"><testsuite name="pytest" errors="0" failures="0" skipped="0" tests="32" time="10.553" timestamp="2026-05-07T01:05:51.807256+00:00" hostname="agent-env-0dbd404e-9008-4efb-96ad-56238cb72a01"><testcase classname="backend.tests.test_card_db_display_case.TestHealthAndRegression" name="test_health_endpoint" time="0.205" /><testcase classname="backend.tests.test_card_db_display_case.TestHealthAndRegression" name="test_hot_packs_endpoint" time="0.154" /><testcase classname="backend.tests.test_card_db_display_case.TestAdminCardsImport" name="test_import_requires_auth" time="0.223" /><testcase classname="backend.tests.test_card_db_display_case.TestAdminCardsImport" name="test_import_requires_admin" time="0.584" /><testcase classname="backend.tests.test_card_db_display_case.TestAdminCardsImport" name="test_import_valid_csv" time="0.539" /><testcase classname="backend.tests.test_card_db_display_case.TestAdminCardsImport" name="test_import_upsert_no_duplicates" time="0.299" /><testcase classname="backend.tests.test_card_db_display_case.TestAdminCardsSets" name="test_sets_requires_admin" time="0.428" /><testcase classname="backend.tests.test_card_db_display_case.TestAdminCardsSets" name="test_sets_returns_distinct_sets" time="0.421" /><testcase classname="backend.tests.test_card_db_display_case.TestAdminCardsClear" name="test_clear_requires_admin" time="0.432" /><testcase classname="backend.tests.test_card_db_display_case.TestAdminCardsClear" name="test_clear_filtered_by_set_year" time="0.568" /><testcase classname="backend.tests.test_card_db_display_case.TestCardsSearch" name="test_search_by_card_number_set_year" time="0.644" /><testcase classname="backend.tests.test_card_db_display_case.TestCardsSearch" name="test_search_broad_query" time="0.128" /><testcase classname="backend.tests.test_card_db_display_case.TestCardsSearch" name="test_search_no_match_returns_none" time="0.157" /><testcase classname="backend.tests.test_card_db_display_case.TestDisplayCasePacks" name="test_create_pack" time="0.422" /><testcase classname="backend.tests.test_card_db_display_case.TestDisplayCasePacks" name="test_list_packs_with_tier" time="0.068" /><testcase classname="backend.tests.test_card_db_display_case.TestDisplayCasePacks" name="test_create_pack_unknown_type_404" time="0.064" /><testcase classname="backend.tests.test_card_db_display_case.TestDisplayCasePulls" name="test_log_pull_from_local_db" time="0.550" /><testcase classname="backend.tests.test_card_db_display_case.TestDisplayCasePulls" name="test_log_pull_manual_entry" time="0.060" /><testcase classname="backend.tests.test_card_db_display_case.TestDisplayCasePulls" name="test_log_pull_no_card_no_player_400" time="0.062" /><testcase classname="backend.tests.test_card_db_display_case.TestDisplayCasePulls" name="test_list_pulls_sorted_desc" time="0.064" /><testcase classname="backend.tests.test_card_db_display_case.TestDisplayCasePulls" name="test_delete_pull_decrements_count" time="0.269" /><testcase classname="backend.tests.test_card_db_display_case.TestDisplayCaseDelete" name="test_delete_pack_cascades_pulls" time="0.638" /><testcase classname="backend.tests.test_card_db_display_case.TestDisplayCaseStats" name="test_stats_returns_all_fields" time="0.416" /><testcase classname="backend.tests.test_card_db_display_case.TestTierLogic" name="test_admin_user_is_pro" time="0.438" /><testcase classname="backend.tests.test_card_db_display_case.TestTierLogic" name="test_new_user_is_pro_trial" time="0.429" /><testcase classname="backend.tests.test_card_db_display_case.TestPermissions" name="test_cannot_view_others_pack_pulls" time="0.853" /><testcase classname="backend.tests.test_card_db_display_case.TestPermissions" name="test_cannot_delete_others_pack" time="0.140" /><testcase classname="backend.tests.test_card_db_display_case.TestPermissions" name="test_cannot_add_pull_to_others_pack" time="0.132" /><testcase classname="backend.tests.test_card_db_display_case.TestRegressionExistingEndpoints" name="test_auth_login" time="0.375" /><testcase classname="backend.tests.test_card_db_display_case.TestRegressionExistingEndpoints" name="test_auth_me" time="0.425" /><testcase classname="backend.tests.test_card_db_display_case.TestRegressionExistingEndpoints" name="test_analyzer_packs" time="0.129" /><testcase classname="backend.tests.test_card_db_display_case.TestRegressionExistingEndpoints" name="test_predictor_simulate" time="0.089" /></testsuite></testsuites>