<?xml version="1.0" encoding="utf-8"?><testsuites name="pytest tests"><testsuite name="pytest" errors="0" failures="0" skipped="0" tests="32" time="64.613" timestamp="2026-04-17T18:54:00.263231+00:00" hostname="agent-env-0dbd404e-9008-4efb-96ad-56238cb72a01"><testcase classname="backend.tests.test_new_features.TestHealthAndRegression" name="test_api_health" time="0.128" /><testcase classname="backend.tests.test_new_features.TestHealthAndRegression" name="test_api_root" time="0.106" /><testcase classname="backend.tests.test_new_features.TestHealthAndRegression" name="test_knowledge_packs" time="0.134" /><testcase classname="backend.tests.test_new_features.TestHealthAndRegression" name="test_knowledge_blasters" time="0.129" /><testcase classname="backend.tests.test_new_features.TestHealthAndRegression" name="test_knowledge_terminology" time="0.100" /><testcase classname="backend.tests.test_new_features.TestHealthAndRegression" name="test_listings_get" time="0.139" /><testcase classname="backend.tests.test_new_features.TestFanaticBot" name="test_chat_health_ollama_offline" time="0.122" /><testcase classname="backend.tests.test_new_features.TestFanaticBot" name="test_chat_send_ollama_offline" time="0.127" /><testcase classname="backend.tests.test_new_features.TestFanaticBot" name="test_chat_stream_ollama_offline" time="0.261" /><testcase classname="backend.tests.test_new_features.TestFanaticBot" name="test_chat_history_empty_session" time="0.119" /><testcase classname="backend.tests.test_new_features.TestFanaticBot" name="test_chat_history_clear" time="0.114" /><testcase classname="backend.tests.test_new_features.TestPriceScraping" name="test_price_scrape_json_shape" time="0.120" /><testcase classname="backend.tests.test_new_features.TestPriceScraping" name="test_price_scrape_cache_behavior" time="19.109" /><testcase classname="backend.tests.test_new_features.TestPriceScraping" name="test_price_scrape_refresh_bypass_cache" time="37.570" /><testcase classname="backend.tests.test_new_features.TestPriceScraping" name="test_batch_prices" time="0.172" /><testcase classname="backend.tests.test_new_features.TestPriceScraping" name="test_price_scrape_empty_query" time="0.114" /><testcase classname="backend.tests.test_new_features.TestCashAppTrades" name="test_listing_includes_seller_cash_app_tag" time="0.564" /><testcase classname="backend.tests.test_new_features.TestCashAppTrades" name="test_trade_initiate_success" time="0.500" /><testcase classname="backend.tests.test_new_features.TestCashAppTrades" name="test_listing_status_pending_after_trade" time="0.168" /><testcase classname="backend.tests.test_new_features.TestCashAppTrades" name="test_trade_mark_paid" time="0.052" /><testcase classname="backend.tests.test_new_features.TestCashAppTrades" name="test_trade_confirm" time="0.056" /><testcase classname="backend.tests.test_new_features.TestCashAppTrades" name="test_listing_status_sold_after_confirm" time="0.149" /><testcase classname="backend.tests.test_new_features.TestCashAppTrades" name="test_get_trades_as_buyer" time="0.060" /><testcase classname="backend.tests.test_new_features.TestCashAppTrades" name="test_get_trades_as_seller" time="0.056" /><testcase classname="backend.tests.test_new_features.TestCashAppTradeErrors" name="test_trade_initiate_seller_no_cash_tag" time="0.812" /><testcase classname="backend.tests.test_new_features.TestCashAppTradeErrors" name="test_trade_initiate_own_listing" time="0.047" /><testcase classname="backend.tests.test_new_features.TestCashAppTradeErrors" name="test_trade_get_unauthorized" time="0.423" /><testcase classname="backend.tests.test_new_features.TestTradeCancelFlow" name="test_trade_cancel" time="1.048" /><testcase classname="backend.tests.test_new_features.TestAuthRegression" name="test_register_new_user" time="0.331" /><testcase classname="backend.tests.test_new_features.TestAuthRegression" name="test_login_user" time="0.726" /><testcase classname="backend.tests.test_new_features.TestAuthRegression" name="test_get_me_authenticated" time="0.500" /><testcase classname="backend.tests.test_new_features.TestAuthRegression" name="test_update_profile_cash_app_tag" time="0.444" /></testsuite></testsuites>