<?xml version="1.0" encoding="utf-8"?><testsuites name="pytest tests"><testsuite name="pytest" errors="0" failures="0" skipped="0" tests="38" time="8.124" timestamp="2026-05-07T23:16:27.489446+00:00" hostname="agent-env-0dbd404e-9008-4efb-96ad-56238cb72a01"><testcase classname="backend.tests.test_day8_day9_marketplace_subscription.TestMarketplaceProGating" name="test_pro_user_can_create_listing" time="0.467" /><testcase classname="backend.tests.test_day8_day9_marketplace_subscription.TestMarketplaceProGating" name="test_free_user_gets_402_on_listing" time="0.441" /><testcase classname="backend.tests.test_day8_day9_marketplace_subscription.TestMarketplaceProGating" name="test_anonymous_user_gets_401_on_listing" time="0.108" /><testcase classname="backend.tests.test_day8_day9_marketplace_subscription.TestListFromPull" name="test_list_from_pull_success" time="0.518" /><testcase classname="backend.tests.test_day8_day9_marketplace_subscription.TestListFromPull" name="test_pull_backlinked_after_listing" time="0.095" /><testcase classname="backend.tests.test_day8_day9_marketplace_subscription.TestListFromPull" name="test_relisting_same_pull_returns_400" time="0.055" /><testcase classname="backend.tests.test_day8_day9_marketplace_subscription.TestListFromPull" name="test_listing_other_users_pull_returns_403" time="0.516" /><testcase classname="backend.tests.test_day8_day9_marketplace_subscription.TestListFromPull" name="test_listing_nonexistent_pull_returns_404" time="0.054" /><testcase classname="backend.tests.test_day8_day9_marketplace_subscription.TestPredictorTierLimits" name="test_predictor_usage_endpoint_logged_in" time="0.376" /><testcase classname="backend.tests.test_day8_day9_marketplace_subscription.TestPredictorTierLimits" name="test_predictor_usage_endpoint_anonymous" time="0.106" /><testcase classname="backend.tests.test_day8_day9_marketplace_subscription.TestPredictorTierLimits" name="test_predictor_simulate_returns_usage" time="0.054" /><testcase classname="backend.tests.test_day8_day9_marketplace_subscription.TestPredictorTierLimits" name="test_predictor_simulate_anonymous_no_limit" time="0.112" /><testcase classname="backend.tests.test_day8_day9_marketplace_subscription.TestSubscriptionStatus" name="test_subscription_status_for_trial_user" time="0.377" /><testcase classname="backend.tests.test_day8_day9_marketplace_subscription.TestSubscriptionStatus" name="test_subscription_status_requires_auth" time="0.122" /><testcase classname="backend.tests.test_day8_day9_marketplace_subscription.TestSubscriptionCheckout" name="test_subscription_checkout_returns_503_with_placeholder_key" time="0.384" /><testcase classname="backend.tests.test_day8_day9_marketplace_subscription.TestSubscriptionCheckout" name="test_subscription_checkout_requires_auth" time="0.119" /><testcase classname="backend.tests.test_day8_day9_marketplace_subscription.TestSubscriptionCancel" name="test_cancel_with_no_active_sub_returns_400" time="0.442" /><testcase classname="backend.tests.test_day8_day9_marketplace_subscription.TestSubscriptionCancel" name="test_cancel_requires_auth" time="0.325" /><testcase classname="backend.tests.test_day8_day9_marketplace_subscription.TestStripeSubscriptionWebhook" name="test_webhook_endpoint_exists" time="0.107" /><testcase classname="backend.tests.test_day8_day9_marketplace_subscription.TestStripeSubscriptionWebhook" name="test_webhook_handles_subscription_created" time="0.113" /><testcase classname="backend.tests.test_day8_day9_marketplace_subscription.TestStripeSubscriptionWebhook" name="test_webhook_handles_subscription_deleted" time="0.103" /><testcase classname="backend.tests.test_day8_day9_marketplace_subscription.TestStripeSubscriptionWebhook" name="test_webhook_handles_invoice_payment_succeeded" time="0.122" /><testcase classname="backend.tests.test_day8_day9_marketplace_subscription.TestStripeSubscriptionWebhook" name="test_webhook_rejects_malformed_json" time="0.154" /><testcase classname="backend.tests.test_day8_day9_marketplace_subscription.TestPermissions" name="test_my_listings_requires_auth" time="0.130" /><testcase classname="backend.tests.test_day8_day9_marketplace_subscription.TestPermissions" name="test_my_transactions_requires_auth" time="0.128" /><testcase classname="backend.tests.test_day8_day9_marketplace_subscription.TestPermissions" name="test_case_packs_requires_auth" time="0.111" /><testcase classname="backend.tests.test_day8_day9_marketplace_subscription.TestPermissions" name="test_case_stats_requires_auth" time="0.109" /><testcase classname="backend.tests.test_day8_day9_marketplace_subscription.TestPermissions" name="test_messages_requires_auth" time="0.106" /><testcase classname="backend.tests.test_day8_day9_marketplace_subscription.TestRegression" name="test_health_endpoint" time="0.123" /><testcase classname="backend.tests.test_day8_day9_marketplace_subscription.TestRegression" name="test_hot_packs_endpoint" time="0.125" /><testcase classname="backend.tests.test_day8_day9_marketplace_subscription.TestRegression" name="test_analyzer_packs_endpoint" time="0.118" /><testcase classname="backend.tests.test_day8_day9_marketplace_subscription.TestRegression" name="test_analyzer_pack_detail" time="0.111" /><testcase classname="backend.tests.test_day8_day9_marketplace_subscription.TestRegression" name="test_predictor_simulate" time="0.114" /><testcase classname="backend.tests.test_day8_day9_marketplace_subscription.TestRegression" name="test_knowledge_endpoints" time="0.483" /><testcase classname="backend.tests.test_day8_day9_marketplace_subscription.TestRegression" name="test_cards_search" time="0.114" /><testcase classname="backend.tests.test_day8_day9_marketplace_subscription.TestRegression" name="test_listings_public" time="0.147" /><testcase classname="backend.tests.test_day8_day9_marketplace_subscription.TestRegression" name="test_auth_login" time="0.398" /><testcase classname="backend.tests.test_day8_day9_marketplace_subscription.TestCleanup" name="test_cleanup_test_listings" time="0.433" /></testsuite></testsuites>