<?xml version="1.0" encoding="utf-8"?><testsuites name="pytest tests"><testsuite name="pytest" errors="0" failures="0" skipped="0" tests="16" time="5.359" timestamp="2026-05-11T23:30:35.678748+00:00" hostname="agent-env-0dbd404e-9008-4efb-96ad-56238cb72a01"><testcase classname="backend.tests.test_day13_leaderboard_stripe_refactor.TestLeaderboardEndpoint" name="test_leaderboard_week_period" time="0.184" /><testcase classname="backend.tests.test_day13_leaderboard_stripe_refactor.TestLeaderboardEndpoint" name="test_leaderboard_all_period" time="0.109" /><testcase classname="backend.tests.test_day13_leaderboard_stripe_refactor.TestLeaderboardEndpoint" name="test_leaderboard_invalid_period" time="0.135" /><testcase classname="backend.tests.test_day13_leaderboard_stripe_refactor.TestLeaderboardEndpoint" name="test_leaderboard_limit_parameter" time="0.109" /><testcase classname="backend.tests.test_day13_leaderboard_stripe_refactor.TestLeaderboardEndpoint" name="test_leaderboard_anonymous_access" time="0.116" /><testcase classname="backend.tests.test_day13_leaderboard_stripe_refactor.TestLeaderboardEndpoint" name="test_leaderboard_privacy_no_source_pack_info" time="0.137" /><testcase classname="backend.tests.test_day13_leaderboard_stripe_refactor.TestStripeCheckout" name="test_stripe_checkout_returns_real_session" time="0.945" /><testcase classname="backend.tests.test_day13_leaderboard_stripe_refactor.TestStripeCheckout" name="test_stripe_checkout_requires_auth" time="0.118" /><testcase classname="backend.tests.test_day13_leaderboard_stripe_refactor.TestPaywallMessage" name="test_paywall_message_exact_match" time="1.482" /><testcase classname="backend.tests.test_day13_leaderboard_stripe_refactor.TestRefactorSanity" name="test_health_endpoint" time="0.114" /><testcase classname="backend.tests.test_day13_leaderboard_stripe_refactor.TestRefactorSanity" name="test_hot_packs_endpoint" time="0.117" /><testcase classname="backend.tests.test_day13_leaderboard_stripe_refactor.TestRefactorSanity" name="test_analyzer_packs_endpoint" time="0.115" /><testcase classname="backend.tests.test_day13_leaderboard_stripe_refactor.TestRefactorSanity" name="test_binders_public_endpoint" time="0.139" /><testcase classname="backend.tests.test_day13_leaderboard_stripe_refactor.TestRefactorSanity" name="test_analyzer_single_pack" time="0.963" /><testcase classname="backend.tests.test_day13_leaderboard_stripe_refactor.TestRefactorSanity" name="test_case_packs_visibility_endpoint" time="0.397" /><testcase classname="backend.tests.test_day13_leaderboard_stripe_refactor.TestLeaderboardFlameLogic" name="test_flame_icon_logic" time="0.125" /></testsuite></testsuites>