<?xml version="1.0" encoding="utf-8"?><testsuites name="pytest tests"><testsuite name="pytest" errors="0" failures="0" skipped="0" tests="21" time="31.839" timestamp="2026-05-11T22:51:02.210376+00:00" hostname="agent-env-0dbd404e-9008-4efb-96ad-56238cb72a01"><testcase classname="backend.tests.test_day12_5_verdict_math_monetization.TestAnalyzerVerdictShape" name="test_analyzer_anonymous_returns_200" time="1.274" /><testcase classname="backend.tests.test_day12_5_verdict_math_monetization.TestAnalyzerVerdictShape" name="test_verdict_intelligence_block_exists" time="1.054" /><testcase classname="backend.tests.test_day12_5_verdict_math_monetization.TestAnalyzerVerdictShape" name="test_confidence_tier_structure" time="1.057" /><testcase classname="backend.tests.test_day12_5_verdict_math_monetization.TestThreeTierSystem" name="test_tier1_market_only" time="1.121" /><testcase classname="backend.tests.test_day12_5_verdict_math_monetization.TestThreeTierSystem" name="test_tier_thresholds_in_response" time="1.096" /><testcase classname="backend.tests.test_day12_5_verdict_math_monetization.TestThreeTierSystem" name="test_no_tier4_exists" time="1.098" /><testcase classname="backend.tests.test_day12_5_verdict_math_monetization.TestVerdictMath" name="test_market_perf_neutral_on_msrp_fallback" time="1.185" /><testcase classname="backend.tests.test_day12_5_verdict_math_monetization.TestVerdictMath" name="test_verdict_not_trash_on_neutral_baseline" time="0.981" /><testcase classname="backend.tests.test_day12_5_verdict_math_monetization.TestVerdictMath" name="test_verdict_thresholds" time="1.000" /><testcase classname="backend.tests.test_day12_5_verdict_math_monetization.TestVerdictMath" name="test_performance_ratios_exist" time="0.988" /><testcase classname="backend.tests.test_day12_5_verdict_math_monetization.TestMonetizationGate" name="test_pro_user_unlimited_access" time="5.164" /><testcase classname="backend.tests.test_day12_5_verdict_math_monetization.TestMonetizationGate" name="test_fresh_user_has_trial" time="0.442" /><testcase classname="backend.tests.test_day12_5_verdict_math_monetization.TestMonetizationGate" name="test_fresh_user_unlimited_during_trial" time="3.233" /><testcase classname="backend.tests.test_day12_5_verdict_math_monetization.TestFreeTierLimit" name="test_free_tier_403_response_shape" time="0.000" /><testcase classname="backend.tests.test_day12_5_verdict_math_monetization.TestRobustFallback" name="test_analyzer_all_packs_no_500" time="8.628" /><testcase classname="backend.tests.test_day12_5_verdict_math_monetization.TestRobustFallback" name="test_invalid_pack_returns_404" time="0.114" /><testcase classname="backend.tests.test_day12_5_verdict_math_monetization.TestRobustFallback" name="test_hot_packs_endpoint_works" time="0.121" /><testcase classname="backend.tests.test_day12_5_verdict_math_monetization.TestRobustFallback" name="test_analyzer_packs_endpoint_works" time="0.110" /><testcase classname="backend.tests.test_day12_5_verdict_math_monetization.TestPackMarketCache" name="test_pack_cost_source_field_exists" time="1.051" /><testcase classname="backend.tests.test_day12_5_verdict_math_monetization.TestPackMarketCache" name="test_pack_cost_cached_age_days_field" time="1.024" /><testcase classname="backend.tests.test_day12_5_verdict_math_monetization.TestConfidenceBadgeUI" name="test_confidence_tier_max_is_3" time="1.042" /></testsuite></testsuites>